0 info it worked if it ends with ok
1 verbose cli [ '/usr/bin/nodejs', '/usr/bin/npm', 'install', '-g', 'cordova' ]
2 info using npm@2.15.1
3 info using node@v4.4.4
4 verbose install initial load of /usr/lib/package.json
5 verbose readDependencies loading dependencies from /usr/lib/package.json
6 silly cache add args [ 'cordova', null ]
7 verbose cache add spec cordova
8 silly cache add parsed spec Result {
8 silly cache add   raw: 'cordova',
8 silly cache add   scope: null,
8 silly cache add   name: 'cordova',
8 silly cache add   rawSpec: '',
8 silly cache add   spec: 'latest',
8 silly cache add   type: 'tag' }
9 silly addNamed cordova@latest
10 verbose addNamed "latest" is being treated as a dist-tag for cordova
11 info addNameTag [ 'cordova', 'latest' ]
12 silly mapToRegistry name cordova
13 silly mapToRegistry using default registry
14 silly mapToRegistry registry https://registry.npmjs.org/
15 silly mapToRegistry data Result {
15 silly mapToRegistry   raw: 'cordova',
15 silly mapToRegistry   scope: null,
15 silly mapToRegistry   name: 'cordova',
15 silly mapToRegistry   rawSpec: '',
15 silly mapToRegistry   spec: 'latest',
15 silly mapToRegistry   type: 'tag' }
16 silly mapToRegistry uri https://registry.npmjs.org/cordova
17 verbose addNameTag registry:https://registry.npmjs.org/cordova not in flight; fetching
18 verbose request uri https://registry.npmjs.org/cordova
19 verbose request no auth needed
20 info attempt registry request try #1 at 10:02:05 PM
21 verbose request id 899a6f7c963a40f3
22 verbose etag "4KMQV0CKR3I5X6515FT115HW8"
23 http request GET https://registry.npmjs.org/cordova
24 http 304 https://registry.npmjs.org/cordova
25 verbose headers { date: 'Thu, 02 Jun 2016 19:02:07 GMT',
25 verbose headers   via: '1.1 varnish',
25 verbose headers   'cache-control': 'max-age=300',
25 verbose headers   etag: '"4KMQV0CKR3I5X6515FT115HW8"',
25 verbose headers   age: '124',
25 verbose headers   connection: 'keep-alive',
25 verbose headers   'x-served-by': 'cache-fra1243-FRA',
25 verbose headers   'x-cache': 'HIT',
25 verbose headers   'x-cache-hits': '1',
25 verbose headers   'x-timer': 'S1464894127.388027,VS0,VE0',
25 verbose headers   vary: 'Accept-Encoding' }
26 silly get cb [ 304,
26 silly get   { date: 'Thu, 02 Jun 2016 19:02:07 GMT',
26 silly get     via: '1.1 varnish',
26 silly get     'cache-control': 'max-age=300',
26 silly get     etag: '"4KMQV0CKR3I5X6515FT115HW8"',
26 silly get     age: '124',
26 silly get     connection: 'keep-alive',
26 silly get     'x-served-by': 'cache-fra1243-FRA',
26 silly get     'x-cache': 'HIT',
26 silly get     'x-cache-hits': '1',
26 silly get     'x-timer': 'S1464894127.388027,VS0,VE0',
26 silly get     vary: 'Accept-Encoding' } ]
27 verbose etag https://registry.npmjs.org/cordova from cache
28 verbose get saving cordova to /home/mounir/.npm/registry.npmjs.org/cordova/.cache.json
29 verbose correctMkdir /home/mounir/.npm correctMkdir not in flight; initializing
30 silly addNameTag next cb for cordova with tag latest
31 silly addNamed cordova@6.2.0
32 verbose addNamed "6.2.0" is a plain semver version for cordova
33 silly cache afterAdd cordova@6.2.0
34 verbose afterAdd /home/mounir/.npm/cordova/6.2.0/package/package.json not in flight; writing
35 verbose correctMkdir /home/mounir/.npm correctMkdir not in flight; initializing
36 verbose afterAdd /home/mounir/.npm/cordova/6.2.0/package/package.json written
37 silly install resolved [ { name: 'cordova',
37 silly install resolved     version: '6.2.0',
37 silly install resolved     preferGlobal: 'true',
37 silly install resolved     description: 'Cordova command line interface tool',
37 silly install resolved     main: 'cordova',
37 silly install resolved     engines: { node: '>=0.9.9' },
37 silly install resolved     engineStrict: true,
37 silly install resolved     bin: { cordova: './bin/cordova' },
37 silly install resolved     scripts:
37 silly install resolved      { test: 'node node_modules/jasmine-node/bin/jasmine-node --captureExceptions --color spec',
37 silly install resolved        cover: 'node node_modules/istanbul/lib/cli.js cover --root src --print detail node_modules/jasmine-node/bin/jasmine-node -- spec' },
37 silly install resolved     repository:
37 silly install resolved      { type: 'git',
37 silly install resolved        url: 'https://git-wip-us.apache.org/repos/asf/cordova-cli.git' },
37 silly install resolved     bugs:
37 silly install resolved      { url: 'https://issues.apache.org/jira/browse/CB',
37 silly install resolved        email: 'dev@cordova.apache.org' },
37 silly install resolved     keywords: [ 'cordova', 'client', 'cli' ],
37 silly install resolved     dependencies:
37 silly install resolved      { 'cordova-lib': '6.2.0',
37 silly install resolved        'cordova-common': '1.3.x',
37 silly install resolved        q: '1.0.1',
37 silly install resolved        nopt: '3.0.1',
37 silly install resolved        underscore: '1.7.0',
37 silly install resolved        'update-notifier': '^0.5.0',
37 silly install resolved        insight: '~0.8.2' },
37 silly install resolved     devDependencies:
37 silly install resolved      { istanbul: '^0.3.4',
37 silly install resolved        grunt: '0.4.5',
37 silly install resolved        'grunt-retire': '0.3.7',
37 silly install resolved        'jasmine-node': '1.14.5' },
37 silly install resolved     author: { name: 'Anis Kadri' },
37 silly install resolved     contributors:
37 silly install resolved      [ [Object],
37 silly install resolved        [Object],
37 silly install resolved        [Object],
37 silly install resolved        [Object],
37 silly install resolved        [Object],
37 silly install resolved        [Object],
37 silly install resolved        [Object],
37 silly install resolved        [Object],
37 silly install resolved        [Object],
37 silly install resolved        [Object],
37 silly install resolved        [Object],
37 silly install resolved        [Object],
37 silly install resolved        [Object],
37 silly install resolved        [Object],
37 silly install resolved        [Object],
37 silly install resolved        [Object],
37 silly install resolved        [Object],
37 silly install resolved        [Object],
37 silly install resolved        [Object],
37 silly install resolved        [Object],
37 silly install resolved        [Object],
37 silly install resolved        [Object],
37 silly install resolved        [Object],
37 silly install resolved        [Object] ],
37 silly install resolved     license: 'Apache-2.0',
37 silly install resolved     _id: 'cordova@6.2.0',
37 silly install resolved     _shasum: '8442ec6f4d4440bc124713d32139d78efa1b72ce',
37 silly install resolved     _resolved: 'https://registry.npmjs.org/cordova/-/cordova-6.2.0.tgz',
37 silly install resolved     _from: 'cordova@latest',
37 silly install resolved     _npmVersion: '3.9.0',
37 silly install resolved     _nodeVersion: '5.4.1',
37 silly install resolved     _npmUser: { name: 'stevegill', email: 'stevengill97@gmail.com' },
37 silly install resolved     dist:
37 silly install resolved      { shasum: '8442ec6f4d4440bc124713d32139d78efa1b72ce',
37 silly install resolved        tarball: 'https://registry.npmjs.org/cordova/-/cordova-6.2.0.tgz' },
37 silly install resolved     maintainers:
37 silly install resolved      [ [Object],
37 silly install resolved        [Object],
37 silly install resolved        [Object],
37 silly install resolved        [Object],
37 silly install resolved        [Object],
37 silly install resolved        [Object],
37 silly install resolved        [Object],
37 silly install resolved        [Object],
37 silly install resolved        [Object],
37 silly install resolved        [Object],
37 silly install resolved        [Object],
37 silly install resolved        [Object],
37 silly install resolved        [Object],
37 silly install resolved        [Object],
37 silly install resolved        [Object],
37 silly install resolved        [Object],
37 silly install resolved        [Object],
37 silly install resolved        [Object] ],
37 silly install resolved     _npmOperationalInternal:
37 silly install resolved      { host: 'packages-12-west.internal.npmjs.com',
37 silly install resolved        tmp: 'tmp/cordova-6.2.0.tgz_1464130173210_0.7832138144876808' },
37 silly install resolved     directories: {},
37 silly install resolved     readme: 'ERROR: No README data found!' } ]
38 info install cordova@6.2.0 into /usr/lib
39 info installOne cordova@6.2.0
40 verbose installOne of cordova to /usr/lib not in flight; installing
41 verbose correctMkdir /home/mounir/.npm/_locks correctMkdir not in flight; initializing
42 verbose lock using /home/mounir/.npm/_locks/cordova-748ccae172373beb.lock for /usr/lib/node_modules/cordova
43 silly install write writing cordova 6.2.0 to /usr/lib/node_modules/cordova
44 verbose unbuild lib/node_modules/cordova
45 info preuninstall cordova@6.1.1
46 info uninstall cordova@6.1.1
47 verbose unbuild rmStuff cordova@6.1.1 from /usr/lib/node_modules
48 silly gentlyRm /usr/bin/cordova is being gently removed
49 silly gentlyRm verifying /usr is an npm working directory
50 silly gentlyRm containing path /usr is under npm's control, in /usr
51 silly gentlyRm deletion target /usr/bin/cordova is under /usr
52 verbose gentlyRm vacuuming from /usr/bin/cordova up to /usr
53 silly vacuum-fs removing /usr/bin/cordova
54 verbose unlock done using /home/mounir/.npm/_locks/cordova-748ccae172373beb.lock for /usr/lib/node_modules/cordova
55 verbose stack Error: EACCES: permission denied, unlink '/usr/bin/cordova'
55 verbose stack     at Error (native)
56 verbose cwd /home/mounir/Desktop/ShoppingAPP_v1.5
57 error Linux 3.19.0-58-generic
58 error argv "/usr/bin/nodejs" "/usr/bin/npm" "install" "-g" "cordova"
59 error node v4.4.4
60 error npm  v2.15.1
61 error path /usr/bin/cordova
62 error code EACCES
63 error errno -13
64 error syscall unlink
65 error Error: EACCES: permission denied, unlink '/usr/bin/cordova'
65 error     at Error (native)
65 error  { [Error: EACCES: permission denied, unlink '/usr/bin/cordova']
65 error   errno: -13,
65 error   code: 'EACCES',
65 error   syscall: 'unlink',
65 error   path: '/usr/bin/cordova' }
66 error Please try running this command again as root/Administrator.
67 verbose exit [ -13, true ]
68 verbose unbuild lib/node_modules/cordova
69 info preuninstall cordova@6.1.1
70 info uninstall cordova@6.1.1
71 verbose unbuild rmStuff cordova@6.1.1 from /usr/lib/node_modules
72 silly gentlyRm /usr/bin/cordova is being gently removed
73 silly gentlyRm verifying /usr is an npm working directory
74 silly gentlyRm containing path /usr is under npm's control, in /usr
75 silly gentlyRm deletion target /usr/bin/cordova is under /usr
76 verbose gentlyRm vacuuming from /usr/bin/cordova up to /usr
77 silly vacuum-fs removing /usr/bin/cordova
78 error error rolling back Error: EACCES: permission denied, unlink '/usr/bin/cordova'
78 error error rolling back     at Error (native)
78 error error rolling back  { [Error: EACCES: permission denied, unlink '/usr/bin/cordova']
78 error error rolling back   errno: -13,
78 error error rolling back   code: 'EACCES',
78 error error rolling back   syscall: 'unlink',
78 error error rolling back   path: '/usr/bin/cordova' }
